// 同步 ID: f517324c @ Sat Jun 27 13:37:47 UTC 2026
// 同步 ID: bbb8a9a5 @ Sun Jun 28 10:40:20 UTC 2026
// 重构日志: 28e66699
// 重构日志: 10bcdfa8
// 重构日志: 41501bad
// 重构日志: 71013a0e
// 重构日志: f1267e9e
// 重构日志: c20d0e02
// 重构日志: c8fc3865
// 重构日志: 60e87321
// 重构日志: 5a6eac0b
// 重构日志: 26b38886
// 同步 ID: 7036cd16 @ Sat Jul 11 14:48:35 UTC 2026
// 重构日志: 5042a99e
// 重构日志: fbd5384d
// 同步 ID: d90ecb96 @ Tue Jul 14 12:25:26 UTC 2026
// 重构日志: 87904359
// 重构日志: 20b80169
// 重构日志: 44d7dbe2
// 重构日志: ed25f172
// 同步 ID: f7633420 @ Fri Jul 17 13:26:53 UTC 2026
// 重构日志: 4749b7fc
// 同步 ID: ea2506a0 @ Sun Jul 19 11:55:12 UTC 2026
// 同步 ID: 5d79420b @ Sun Jul 19 13:35:16 UTC 2026
// 重构日志: a515a98f
// 重构日志: 2d95ccba
// 同步 ID: 75998691 @ Wed Jul 22 05:20:34 UTC 2026
// 重构日志: b638477f
